app/build/outputs/logs/manifest-merger-debug-report.txt
-- Merging decision tree log ---
manifest
ADDED from AndroidManifest.xml:1:1
	package
		ADDED from AndroidManifest.xml:2:5
		INJECTED from AndroidManifest.xml:0:0
		INJECTED from AndroidManifest.xml:0:0
	android:versionName
		INJECTED from AndroidManifest.xml:0:0
		INJECTED from AndroidManifest.xml:0:0
	xmlns:android
		ADDED from AndroidManifest.xml:1:11
	android:versionCode
		INJECTED from AndroidManifest.xml:0:0
		INJECTED from AndroidManifest.xml:0:0
application
ADDED from AndroidManifest.xml:4:5
MERGED from com.android.support:appcompat-v7:24.0.0-alpha2:25:5
MERGED from com.android.support:support-vector-drawable:24.0.0-alpha2:23:5
MERGED from com.android.support:support-v4:24.0.0-alpha2:22:5
MERGED from com.android.support:animated-vector-drawable:24.0.0-alpha2:22:5
MERGED from com.android.support:support-vector-drawable:24.0.0-alpha2:23:5
MERGED from com.android.support:support-v4:24.0.0-alpha2:22:5
MERGED from com.android.support:support-v4:24.0.0-alpha2:22:5
	android:label
		ADDED from AndroidManifest.xml:4:45
	android:allowBackup
		ADDED from AndroidManifest.xml:4:18
	android:icon
		ADDED from AndroidManifest.xml:5:9
	android:theme
		ADDED from AndroidManifest.xml:5:44
uses-sdk
INJECTED from AndroidManifest.xml:0:0 reason: use-sdk injection requested
MERGED from com.android.support:appcompat-v7:24.0.0-alpha2:21:5
MERGED from com.android.support:support-vector-drawable:24.0.0-alpha2:21:5
MERGED from com.android.support:support-v4:24.0.0-alpha2:20:5
MERGED from com.android.support:animated-vector-drawable:24.0.0-alpha2:20:5
MERGED from com.android.support:support-vector-drawable:24.0.0-alpha2:21:5
MERGED from com.android.support:support-v4:24.0.0-alpha2:20:5
MERGED from com.android.support:support-v4:24.0.0-alpha2:20:5
MERGED from MicroBio.libraries:opencv:unspecified:7:5
	tools:overrideLibrary
		ADDED from com.android.support:appcompat-v7:24.0.0-alpha2:23:9
	android:targetSdkVersion
		INJECTED from AndroidManifest.xml:0:0
		INJECTED from AndroidManifest.xml:0:0
	android:minSdkVersion
		INJECTED from AndroidManifest.xml:0:0
		INJECTED from AndroidManifest.xml:0:0